<?xml version="1.0" encoding="UTF-8"?>
<testsuite xmlns:xsi="http://www.w3.org/2001/XMLSchema-instance" xsi:noNamespaceSchemaLocation="https://maven.apache.org/surefire/maven-surefire-plugin/xsd/surefire-test-report.xsd" version="3.0.1" name="com.mycompany.app.ProgramTest" time="0.155" tests="16" errors="0" skipped="0" failures="0">
  <properties>
    <property name="java.specification.version" value="21"/>
    <property name="sun.cpu.isalist" value="amd64"/>
    <property name="sun.jnu.encoding" value="Cp1251"/>
    <property name="java.class.path" value="C:\Program Files\JetBrains\IntelliJ IDEA Community Edition 2023.2.5\plugins\maven\lib\maven3\boot\plexus-classworlds-2.7.0.jar;C:\Program Files\JetBrains\IntelliJ IDEA Community Edition 2023.2.5\plugins\maven\lib\maven3\boot\plexus-classworlds.license"/>
    <property name="sun.awt.enableExtraMouseButtons" value="true"/>
    <property name="java.vm.vendor" value="Oracle Corporation"/>
    <property name="sun.arch.data.model" value="64"/>
    <property name="user.variant" value=""/>
    <property name="java.vendor.url" value="https://java.oracle.com/"/>
    <property name="user.timezone" value="Europe/Moscow"/>
    <property name="maven.conf" value="C:\Program Files\JetBrains\IntelliJ IDEA Community Edition 2023.2.5\plugins\maven\lib\maven3/conf"/>
    <property name="java.vm.specification.version" value="21"/>
    <property name="os.name" value="Windows 10"/>
    <property name="sun.java.launcher" value="SUN_STANDARD"/>
    <property name="user.country" value="RU"/>
    <property name="sun.boot.library.path" value="C:\Users\artem\.jdks\openjdk-21.0.1\bin"/>
    <property name="sun.java.command" value="org.codehaus.classworlds.Launcher -Didea.version=2023.2.5 package"/>
    <property name="jdk.debug" value="release"/>
    <property name="maven.home" value="C:\Program Files\JetBrains\IntelliJ IDEA Community Edition 2023.2.5\plugins\maven\lib\maven3"/>
    <property name="surefire.test.class.path" value="C:\Users\artem\OneDrive\Рабочий стол\ZOV ZOV ZOV ZOV ZOV VVVVVVZZZZZZZ\ST-6\my-app\target\test-classes;C:\Users\artem\OneDrive\Рабочий стол\ZOV ZOV ZOV ZOV ZOV VVVVVVZZZZZZZ\ST-6\my-app\target\classes;C:\Users\artem\.m2\repository\org\junit\jupiter\junit-jupiter-api\5.11.0\junit-jupiter-api-5.11.0.jar;C:\Users\artem\.m2\repository\org\opentest4j\opentest4j\1.3.0\opentest4j-1.3.0.jar;C:\Users\artem\.m2\repository\org\junit\platform\junit-platform-commons\1.11.0\junit-platform-commons-1.11.0.jar;C:\Users\artem\.m2\repository\org\apiguardian\apiguardian-api\1.1.2\apiguardian-api-1.1.2.jar;C:\Users\artem\.m2\repository\org\junit\jupiter\junit-jupiter-params\5.11.0\junit-jupiter-params-5.11.0.jar;C:\Users\artem\.m2\repository\org\junit\jupiter\junit-jupiter-engine\5.11.0\junit-jupiter-engine-5.11.0.jar;C:\Users\artem\.m2\repository\org\junit\platform\junit-platform-engine\1.11.0\junit-platform-engine-1.11.0.jar;"/>
    <property name="sun.cpu.endian" value="little"/>
    <property name="user.home" value="C:\Users\artem"/>
    <property name="user.language" value="ru"/>
    <property name="sun.stderr.encoding" value="UTF-8"/>
    <property name="java.specification.vendor" value="Oracle Corporation"/>
    <property name="java.version.date" value="2023-10-17"/>
    <property name="java.home" value="C:\Users\artem\.jdks\openjdk-21.0.1"/>
    <property name="file.separator" value="\"/>
    <property name="basedir" value="C:\Users\artem\OneDrive\Рабочий стол\ZOV ZOV ZOV ZOV ZOV VVVVVVZZZZZZZ\ST-6\my-app"/>
    <property name="java.vm.compressedOopsMode" value="Zero based"/>
    <property name="sun.stdout.encoding" value="UTF-8"/>
    <property name="line.separator" value="&#10;"/>
    <property name="java.vm.specification.vendor" value="Oracle Corporation"/>
    <property name="java.specification.name" value="Java Platform API Specification"/>
    <property name="user.script" value=""/>
    <property name="sun.management.compiler" value="HotSpot 64-Bit Tiered Compilers"/>
    <property name="java.runtime.version" value="21.0.1+12-29"/>
    <property name="user.name" value="artem"/>
    <property name="stdout.encoding" value="UTF-8"/>
    <property name="path.separator" value=";"/>
    <property name="os.version" value="10.0"/>
    <property name="java.runtime.name" value="OpenJDK Runtime Environment"/>
    <property name="file.encoding" value="UTF-8"/>
    <property name="guice.disable.misplaced.annotation.check" value="true"/>
    <property name="java.vm.name" value="OpenJDK 64-Bit Server VM"/>
    <property name="maven.ext.class.path" value="C:\Program Files\JetBrains\IntelliJ IDEA Community Edition 2023.2.5\plugins\maven\lib\maven-event-listener.jar"/>
    <property name="localRepository" value="C:\Users\artem\.m2\repository"/>
    <property name="java.vendor.url.bug" value="https://bugreport.java.com/bugreport/"/>
    <property name="java.io.tmpdir" value="C:\Users\artem\AppData\Local\Temp\"/>
    <property name="idea.version" value="2023.2.5"/>
    <property name="java.version" value="21.0.1"/>
    <property name="user.dir" value="C:\Users\artem\OneDrive\Рабочий стол\ZOV ZOV ZOV ZOV ZOV VVVVVVZZZZZZZ\ST-6\my-app"/>
    <property name="os.arch" value="amd64"/>
    <property name="maven.multiModuleProjectDirectory" value="C:\Users\artem\OneDrive\Рабочий стол\ZOV ZOV ZOV ZOV ZOV VVVVVVZZZZZZZ\ST-6\my-app"/>
    <property name="jansi.passthrough" value="true"/>
    <property name="java.vm.specification.name" value="Java Virtual Machine Specification"/>
    <property name="sun.os.patch.level" value=""/>
    <property name="native.encoding" value="Cp1251"/>
    <property name="java.library.path" value="C:\Users\artem\.jdks\openjdk-21.0.1\bin;C:\Windows\Sun\Java\bin;C:\Windows\system32;C:\Windows;C:\Program Files\Microsoft MPI\Bin\;C:\Program Files\Common Files\Oracle\Java\javapath;C:\Program Files (x86)\Common Files\Oracle\Java\javapath;C:\Windows\system32;C:\Windows;C:\Windows\System32\Wbem;C:\Windows\System32\WindowsPowerShell\v1.0\;C:\Windows\System32\OpenSSH\;C:\Program Files (x86)\NVIDIA Corporation\PhysX\Common;C:\Program Files\NVIDIA Corporation\NVIDIA NvDLISR;C:\Program Files\dotnet\;C:\Program Files (x86)\Windows Kits\10\Windows Performance Toolkit\;F:\poppler\poppler-24.07.0\Library\bin;C:\Program Files\Git\cmd;C:\Program Files\Git\mingw64\bin;C:\Program Files\Git\usr\bin;C:\Program Files\CMake\bin;C:\Program Files\nodejs\;C:\ProgramData\chocolatey\bin;C:\Users\artem\AppData\Local\Programs\Python\Python312\Scripts\;C:\Users\artem\AppData\Local\Programs\Python\Python312\;C:\Users\artem\AppData\Local\Microsoft\WindowsApps;C:\Users\artem\.dotnet\tools;C:\Program Files\JetBrains\PyCharm Community Edition 2023.2.5\bin;;C:\Program Files\JetBrains\IntelliJ IDEA Community Edition 2023.2.5\bin;;C:\Users\artem\AppData\Local\Programs\Python\Python39\Scripts\pip.exe;C:\Users\artem\AppData\Local\Programs\Microsoft VS Code\bin;F:\poppler\poppler-24.07.0\Library\bin;C:\Users\artem\AppData\Roaming\npm;."/>
    <property name="java.vm.info" value="mixed mode, sharing"/>
    <property name="stderr.encoding" value="UTF-8"/>
    <property name="java.vendor" value="Oracle Corporation"/>
    <property name="java.vm.version" value="21.0.1+12-29"/>
    <property name="classworlds.conf" value="C:\Program Files\JetBrains\IntelliJ IDEA Community Edition 2023.2.5\plugins\maven\lib\maven3\bin\m2.conf"/>
    <property name="sun.io.unicode.encoding" value="UnicodeLittle"/>
    <property name="java.class.version" value="65.0"/>
  </properties>
  <testcase name="testPlayerInitialization" classname="com.mycompany.app.ProgramTest" time="0.018"/>
  <testcase name="testCheckStatePlayingAndDraw" classname="com.mycompany.app.ProgramTest" time="0.001"/>
  <testcase name="testCheckStateXWinColumns" classname="com.mycompany.app.ProgramTest" time="0.001"/>
  <testcase name="testEvaluatePosition" classname="com.mycompany.app.ProgramTest" time="0.001"/>
  <testcase name="testCheckStateXWinDiagonals" classname="com.mycompany.app.ProgramTest" time="0.001"/>
  <testcase name="testGenerateMoves" classname="com.mycompany.app.ProgramTest" time="0.001"/>
  <testcase name="testTicTacToeCell" classname="com.mycompany.app.ProgramTest" time="0.082"/>
  <testcase name="testMaxMove" classname="com.mycompany.app.ProgramTest" time="0.001"/>
  <testcase name="testUtilityPrintMethods" classname="com.mycompany.app.ProgramTest" time="0.009">
    <system-out><![CDATA[
X-O- - - - - - - -

1-2-3-4-5-6-7-8-9-

0-4-8-
]]></system-out>
  </testcase>
  <testcase name="testCompleteGame" classname="com.mycompany.app.ProgramTest" time="0.001"/>
  <testcase name="testMinMove" classname="com.mycompany.app.ProgramTest" time="0.001"/>
  <testcase name="testMinMaxBestMove" classname="com.mycompany.app.ProgramTest" time="0.002">
    <system-out><![CDATA[
minimax:   2(100) 
minimax:   6(100) 
minimax:   7(-100) 
minimax:   8(-100) 
minimax:   9(-100) 
minimax best:   2(100) Steps counted: 69]]></system-out>
  </testcase>
  <testcase name="testGameConstructor" classname="com.mycompany.app.ProgramTest" time="0.001"/>
  <testcase name="testTicTacToePanelInitialization" classname="com.mycompany.app.ProgramTest" time="0.004"/>
  <testcase name="testCheckStateXWinRows" classname="com.mycompany.app.ProgramTest" time="0.0"/>
  <testcase name="testCheckStateOWinConditions" classname="com.mycompany.app.ProgramTest" time="0.0"/>
</testsuite>